d:\dstucpp\lab9\lab9\x64\debug\vc143.pdb
d:\dstucpp\lab9\lab9\x64\debug\vc143.idb
d:\dstucpp\lab9\lab9\x64\debug\lab9.obj
d:\dstucpp\lab9\lab9\x64\debug\skeleton.obj
d:\dstucpp\lab9\lab9\x64\debug\monster.obj
d:\dstucpp\lab9\lab9\x64\debug\inventory.obj
d:\dstucpp\lab9\lab9\x64\debug\goblin.obj
d:\dstucpp\lab9\lab9\x64\debug\game.obj
d:\dstucpp\lab9\lab9\x64\debug\dragon.obj
d:\dstucpp\lab9\lab9\x64\debug\character.obj
d:\dstucpp\lab9\lab9\x64\debug\item.obj
d:\dstucpp\lab9\x64\debug\lab9.exe
d:\dstucpp\lab9\lab9\x64\debug\lab9.ilk
d:\dstucpp\lab9\x64\debug\lab9.pdb
d:\dstucpp\lab9\lab9\x64\debug\lab9.tlog\cl.command.1.tlog
d:\dstucpp\lab9\lab9\x64\debug\lab9.tlog\cl.items.tlog
d:\dstucpp\lab9\lab9\x64\debug\lab9.tlog\cl.read.1.tlog
d:\dstucpp\lab9\lab9\x64\debug\lab9.tlog\cl.write.1.tlog
d:\dstucpp\lab9\lab9\x64\debug\lab9.tlog\link.command.1.tlog
d:\dstucpp\lab9\lab9\x64\debug\lab9.tlog\link.read.1.tlog
d:\dstucpp\lab9\lab9\x64\debug\lab9.tlog\link.write.1.tlog
